<?xml version="1.0" encoding="UTF-8"?>
<!-- Generated by org.testng.reporters.JUnitXMLReporter -->
<testsuite ignored="0" hostname="DESKTOP-RG6CFTP" failures="1" tests="1" name="validatingTile" time="30.5" errors="0" timestamp="2021-10-22T13:57:04 IST">
  <testcase classname="com.mindtree.runner.ValidatingTitle" name="validatingTitle" time="0.933">
    <failure type="java.lang.AssertionError" message="expected [USE COUP123ON - ELOCAL TO GET 5% OFF ONLY ON PREPAID ORDERS] but found [USE COUPON - ELOCAL TO GET 5% OFF ONLY ON PREPAID ORDERS]">
      <![CDATA[java.lang.AssertionError: expected [USE COUP123ON - ELOCAL TO GET 5% OFF ONLY ON PREPAID ORDERS] but found [USE COUPON - ELOCAL TO GET 5% OFF ONLY ON PREPAID ORDERS]
at com.mindtree.runner.ValidatingTitle.validatingTitle(ValidatingTitle.java:32)
at java.base/java.util.ArrayList.forEach(ArrayList.java:1511)
... Removed 33 stack frames]]>
    </failure>
  </testcase> <!-- validatingTitle -->
</testsuite> <!-- validatingTile -->
