<?xml version="1.0" encoding="UTF-8"?>
<testsuite xmlns:xsi="http://www.w3.org/2001/XMLSchema-instance" xsi:noNamespaceSchemaLocation="https://maven.apache.org/surefire/maven-surefire-plugin/xsd/surefire-test-report-3.0.xsd" version="3.0" name="TestSuite" time="374.118" tests="4" errors="0" skipped="0" failures="0">
  <properties>
[...]
</properties>
  <testcase name="logintest[koushik, 15452](1)" classname="com.mindtree.pageobject.HomePage" time="48.165">
    <system-err><![CDATA[log4j:WARN No such property [maxBackupIndex] in com.mindtree.utilities.Log.
log4j:WARN No such property [maxFileSize] in com.mindtree.utilities.Log.
Starting ChromeDriver 94.0.4606.41 (333e85df3c9b656b518b5f1add5ff246365b6c24-refs/branch-heads/4606@{#845}) on port 3149
Only local connections are allowed.
Please see https://chromedriver.chromium.org/security-considerations for suggestions on keeping ChromeDriver safe.
ChromeDriver was started successfully.
[1635426143.985][WARNING]: This version of ChromeDriver has not been tested with Chrome version 95.
Oct 28, 2021 6:32:28 PM org.openqa.selenium.remote.ProtocolHandshake createSession
INFO: Detected dialect: W3C
]]></system-err>
  </testcase>
  <testcase name="validatingTitle" classname="com.mindtree.pageobject.ValidatingTitle" time="0.669">
    <system-err><![CDATA[Starting ChromeDriver 94.0.4606.41 (333e85df3c9b656b518b5f1add5ff246365b6c24-refs/branch-heads/4606@{#845}) on port 36451
Only local connections are allowed.
Please see https://chromedriver.chromium.org/security-considerations for suggestions on keeping ChromeDriver safe.
ChromeDriver was started successfully.
[1635426214.696][WARNING]: This version of ChromeDriver has not been tested with Chrome version 95.
Oct 28, 2021 6:33:34 PM org.openqa.selenium.remote.ProtocolHandshake createSession
INFO: Detected dialect: W3C
Oct 28, 2021 6:33:34 PM com.mindtree.pageobject.ValidatingTitle initialize
INFO: Driver is initialised
Oct 28, 2021 6:33:48 PM com.mindtree.pageobject.ValidatingTitle initialize
INFO: navigation to url
Oct 28, 2021 6:33:48 PM com.mindtree.pageobject.ValidatingTitle validatingTitle
INFO: validated succesfully
]]></system-err>
  </testcase>
  <testcase name="hindibooks" classname="com.mindtree.pageobject.HindiBooks" time="48.543">
    <system-out><![CDATA[10-28-2021 18:34:38 HindiBooks.java INFO  [main] reusablecomponents.ReadPropertyFile 24 - Driver is initialised
https://www.elocalshops.com/
10-28-2021 18:34:57 HindiBooks.java INFO  [main] reusablecomponents.ReadPropertyFile 28 - navigation to url
]]></system-out>
    <system-err><![CDATA[Starting ChromeDriver 94.0.4606.41 (333e85df3c9b656b518b5f1add5ff246365b6c24-refs/branch-heads/4606@{#845}) on port 27095
Only local connections are allowed.
Please see https://chromedriver.chromium.org/security-considerations for suggestions on keeping ChromeDriver safe.
ChromeDriver was started successfully.
[1635426244.704][WARNING]: This version of ChromeDriver has not been tested with Chrome version 95.
Oct 28, 2021 6:34:38 PM org.openqa.selenium.remote.ProtocolHandshake createSession
INFO: Detected dialect: W3C
]]></system-err>
  </testcase>
  <testcase name="trackorder" classname="com.mindtree.pageobject.TrackyourOrder" time="11.709">
    <system-out><![CDATA[10-28-2021 18:37:18 TrackyourOrder.java INFO  [main] reusablecomponents.ReadPropertyFile 21 - Driver is initialised
https://www.elocalshops.com/
10-28-2021 18:37:30 TrackyourOrder.java INFO  [main] reusablecomponents.ReadPropertyFile 25 - navigation to url
]]></system-out>
    <system-err><![CDATA[Oct 28, 2021 6:36:54 PM org.openqa.selenium.os.OsProcess destroy
SEVERE: Unable to kill process Process[pid=2852, exitValue=1]
Starting ChromeDriver 94.0.4606.41 (333e85df3c9b656b518b5f1add5ff246365b6c24-refs/branch-heads/4606@{#845}) on port 30338
Only local connections are allowed.
Please see https://chromedriver.chromium.org/security-considerations for suggestions on keeping ChromeDriver safe.
ChromeDriver was started successfully.
[1635426430.334][WARNING]: This version of ChromeDriver has not been tested with Chrome version 95.
Oct 28, 2021 6:37:17 PM org.openqa.selenium.remote.ProtocolHandshake createSession
INFO: Detected dialect: W3C
]]></system-err>
  </testcase>
</testsuite>